
hello turing

Running all tests.
Turing Sim Tests
Test 'bb5 load&run' PASSED
Test 'bb4 load&run' PASSED
Test 'random tape test' PASSED
Test 'counting 3 state machines bruteforce' PASSED
Test 'number of 3 state machines' PASSED
Turing Mapping Tests
Test 'bb4 table->digits' PASSED
Test 'bb4 digits->index' PASSED
Test 'bb4 index->digits' PASSED
Test 'bb4 digits->table' PASSED
Testing complete.
10111111111111
states 3 halters 4633952
states 3 halters 4973140
total counted strings: 9607092
110101
lengthstr 6, count 12, freq 0.000001

111011
lengthstr 6, count 16, freq 0.000002

100000
lengthstr 6, count 18, freq 0.000002

00010
lengthstr 5, count 324, freq 0.000034

11111
lengthstr 5, count 566, freq 0.000059

1100
lengthstr 4, count 1790, freq 0.000186

0111010
lengthstr 7, count 2, freq 0.000000

10011
lengthstr 5, count 324, freq 0.000034

10101
lengthstr 5, count 284, freq 0.000030

011110
lengthstr 6, count 8, freq 0.000001

000110
lengthstr 6, count 8, freq 0.000001

001001
lengthstr 6, count 12, freq 0.000001

100001
lengthstr 6, count 6, freq 0.000001

110011
lengthstr 6, count 6, freq 0.000001

11110
lengthstr 5, count 228, freq 0.000024

010110
lengthstr 6, count 10, freq 0.000001

01101
lengthstr 5, count 224, freq 0.000023

11010
lengthstr 5, count 152, freq 0.000016

010100
lengthstr 6, count 12, freq 0.000001

0101
lengthstr 4, count 4194, freq 0.000437

1011
lengthstr 4, count 4404, freq 0.000458

00001
lengthstr 5, count 240, freq 0.000025

11011
lengthstr 5, count 316, freq 0.000033

0011
lengthstr 4, count 1998, freq 0.000208

001
lengthstr 3, count 81860, freq 0.008521

0010
lengthstr 4, count 5562, freq 0.000579

111001
lengthstr 6, count 6, freq 0.000001

11100
lengthstr 5, count 122, freq 0.000013

0000010
lengthstr 7, count 4, freq 0.000000

00101
lengthstr 5, count 158, freq 0.000016

1010
lengthstr 4, count 4282, freq 0.000446

011
lengthstr 3, count 77076, freq 0.008023

10110
lengthstr 5, count 230, freq 0.000024

101100
lengthstr 6, count 8, freq 0.000001

10100
lengthstr 5, count 126, freq 0.000013

10001
lengthstr 5, count 190, freq 0.000020

101011
lengthstr 6, count 14, freq 0.000001

1110
lengthstr 4, count 2798, freq 0.000291

00111
lengthstr 5, count 158, freq 0.000016

111101
lengthstr 6, count 10, freq 0.000001

01001
lengthstr 5, count 204, freq 0.000021

001010
lengthstr 6, count 10, freq 0.000001

010000
lengthstr 6, count 14, freq 0.000001

000100
lengthstr 6, count 10, freq 0.000001

0000110
lengthstr 7, count 4, freq 0.000000

110000
lengthstr 6, count 6, freq 0.000001

1111101
lengthstr 7, count 4, freq 0.000000

001000
lengthstr 6, count 10, freq 0.000001

101101
lengthstr 6, count 4, freq 0.000000

1001
lengthstr 4, count 3672, freq 0.000382

1111
lengthstr 4, count 6408, freq 0.000667

111111
lengthstr 6, count 20, freq 0.000002

1010001
lengthstr 7, count 4, freq 0.000000

0111
lengthstr 4, count 3562, freq 0.000371

110111
lengthstr 6, count 12, freq 0.000001

110001
lengthstr 6, count 2, freq 0.000000

001111
lengthstr 6, count 4, freq 0.000000

0000
lengthstr 4, count 6784, freq 0.000706

100100
lengthstr 6, count 14, freq 0.000001

011101
lengthstr 6, count 4, freq 0.000000

100011
lengthstr 6, count 4, freq 0.000000

00011
lengthstr 5, count 114, freq 0.000012

011111
lengthstr 6, count 18, freq 0.000002

100101
lengthstr 6, count 8, freq 0.000001

1000
lengthstr 4, count 3876, freq 0.000403

011100
lengthstr 6, count 4, freq 0.000000

0001
lengthstr 4, count 2874, freq 0.000299

101001
lengthstr 6, count 8, freq 0.000001

1010101
lengthstr 7, count 6, freq 0.000001

011011
lengthstr 6, count 12, freq 0.000001

000010
lengthstr 6, count 14, freq 0.000001

1101
lengthstr 4, count 5274, freq 0.000549

01111
lengthstr 5, count 276, freq 0.000029

00110
lengthstr 5, count 318, freq 0.000033

00100
lengthstr 5, count 224, freq 0.000023

101
lengthstr 3, count 77822, freq 0.008100

011010
lengthstr 6, count 8, freq 0.000001

11001
lengthstr 5, count 324, freq 0.000034

001110
lengthstr 6, count 4, freq 0.000000

11000
lengthstr 5, count 146, freq 0.000015

110110
lengthstr 6, count 8, freq 0.000001

10010
lengthstr 5, count 236, freq 0.000025

1011111
lengthstr 7, count 2, freq 0.000000

110
lengthstr 3, count 78812, freq 0.008204

010011
lengthstr 6, count 6, freq 0.000001

10
lengthstr 2, count 978504, freq 0.101852

001100
lengthstr 6, count 6, freq 0.000001

1001111
lengthstr 7, count 2, freq 0.000000

10000
lengthstr 5, count 320, freq 0.000033

0110
lengthstr 4, count 3714, freq 0.000387

11101
lengthstr 5, count 332, freq 0.000035

000
lengthstr 3, count 84900, freq 0.008837

1000101
lengthstr 7, count 2, freq 0.000000

101110
lengthstr 6, count 8, freq 0.000001

10111
lengthstr 5, count 324, freq 0.000034

01011
lengthstr 5, count 128, freq 0.000013

000000
lengthstr 6, count 18, freq 0.000002

0
lengthstr 1, count 2500016, freq 0.260226

00
lengthstr 2, count 979176, freq 0.101922

1
lengthstr 1, count 2500016, freq 0.260226

111110
lengthstr 6, count 16, freq 0.000002

11
lengthstr 2, count 968504, freq 0.100811

100
lengthstr 3, count 82980, freq 0.008637

100111
lengthstr 6, count 8, freq 0.000001

000011
lengthstr 6, count 6, freq 0.000001

01010
lengthstr 5, count 292, freq 0.000030

110010
lengthstr 6, count 8, freq 0.000001

010010
lengthstr 6, count 6, freq 0.000001

010001
lengthstr 6, count 6, freq 0.000001

0110000
lengthstr 7, count 2, freq 0.000000

111100
lengthstr 6, count 6, freq 0.000001

0100
lengthstr 4, count 4492, freq 0.000468

00000
lengthstr 5, count 610, freq 0.000063

0100000
lengthstr 7, count 2, freq 0.000000

01100
lengthstr 5, count 258, freq 0.000027

011000
lengthstr 6, count 8, freq 0.000001

1111001
lengthstr 7, count 4, freq 0.000000

001101
lengthstr 6, count 4, freq 0.000000

000001
lengthstr 6, count 20, freq 0.000002

0101010
lengthstr 7, count 6, freq 0.000001

0101110
lengthstr 7, count 4, freq 0.000000

100010
lengthstr 6, count 8, freq 0.000001

01110
lengthstr 5, count 188, freq 0.000020

01
lengthstr 2, count 969176, freq 0.100881

111
lengthstr 3, count 81200, freq 0.008452

010
lengthstr 3, count 72570, freq 0.007554

01000
lengthstr 5, count 320, freq 0.000033

101111
lengthstr 6, count 14, freq 0.000001

states 2 halters 9784
took 49 milliseconds to simulate 20736 2 state machines
thats like 423 machines per millisecond
thats like 423183 machines per second
thats around 211591836 machine steps per second. maybe...
